<beans xmlns="http://www.springframework.org/schema/beans"
       xmlns:xsi="http://www.w3.org/2001/XMLSchema-instance"
       xmlns:aop="http://www.springframework.org/schema/aop"
       xmlns:jdbc="http://www.springframework.org/schema/jdbc"
       xmlns:tx="http://www.springframework.org/schema/tx"
       xsi:schemaLocation="http://www.springframework.org/schema/beans
       http://www.springframework.org/schema/beans/spring-beans.xsd
       http://www.springframework.org/schema/aop
       http://www.springframework.org/schema/aop/spring-aop.xsd
       http://www.springframework.org/schema/jdbc
       http://www.springframework.org/schema/jdbc/spring-jdbc.xsd
       http://www.springframework.org/schema/tx
       http://www.springframework.org/schema/tx/spring-tx-3.2.xsd
       ">

    <!--Properties locations-->

    <bean class="org.springframework.beans.factory.config.PropertyPlaceholderConfigurer">
        <property name="locations">
            <list>
                <value>classpath:real-database.properties</value>
                <value>classpath:app-jpa.properties</value>
            </list>
        </property>
    </bean>

    <!--DataSource configuration. MySQL driver used-->

    <bean id="dataSource" class="org.springframework.jdbc.datasource.DriverManagerDataSource">
        <property name="driverClassName" value="${jdbc.driverClassName}"/>
        <property name="url" value="${jdbc.url}"/>
        <property name="username" value="${jdbc.username}"/>
        <property name="password" value="${jdbc.password}"/>
    </bean>

    <!--JPA Config-->

    <bean class="org.springframework.orm.jpa.support.PersistenceAnnotationBeanPostProcessor"/>
    <bean class="org.springframework.dao.annotation.PersistenceExceptionTranslationPostProcessor"/>

    <tx:annotation-driven transaction-manager="transactionManager"/>

    <bean id="jpaVendorAdapter" class="org.springframework.orm.jpa.vendor.HibernateJpaVendorAdapter">
        <property name="database" value="MYSQL"/>
        <property name="databasePlatform" value="org.hibernate.dialect.MySQL5Dialect"/>
        <property name="generateDdl" value="false"/>
        <property name="showSql" value="true"/>
    </bean>

    <bean id="entityManagerFactory"
          class="org.springframework.orm.jpa.LocalContainerEntityManagerFactoryBean">
        <property name="dataSource" ref="dataSource"/>
        <property name="jpaVendorAdapter" ref="jpaVendorAdapter"/>
        <property name="packagesToScan" value="com.epam.brest.course2015.social.core"/>
    </bean>

    <bean id="transactionManager" class="org.springframework.orm.jpa.JpaTransactionManager">
        <property name="entityManagerFactory" ref="entityManagerFactory" />
        <property name="dataSource" ref="dataSource"/>
    </bean>

    <!--Test beans-->

    <bean id="userDao" class="com.epam.brest.course2015.social.jpa.UserDaoJPA"/>
    <bean id="friendshipDao" class="com.epam.brest.course2015.social.jpa.FriendshipDaoJPA"/>
    <!--Logging-->

    <aop:aspectj-autoproxy/>

    <bean id="socialLogger" class="com.epam.brest.course2015.social.test.SocialLogger"/>

</beans>