<beans xmlns="http://www.springframework.org/schema/beans"
       xmlns:xsi="http://www.w3.org/2001/XMLSchema-instance"
       xmlns:aop="http://www.springframework.org/schema/aop"
       xsi:schemaLocation="http://www.springframework.org/schema/beans
       http://www.springframework.org/schema/beans/spring-beans.xsd http://www.springframework.org/schema/aop http://www.springframework.org/schema/aop/spring-aop.xsd">

    <aop:aspectj-autoproxy/>

    <bean id="socialLogger" class="com.epam.brest.course2015.social.test.SocialLogger"/>

    <bean id="user" class="com.epam.brest.course2015.social.core.User"/>
    <bean id="friendship" class="com.epam.brest.course2015.social.core.Friendship"/>
    <bean id="socialDto" class="com.epam.brest.course2015.social.dto.SocialDto"/>

</beans>