<beans xmlns="http://www.springframework.org/schema/beans"
       xmlns:xsi="http://www.w3.org/2001/XMLSchema-instance"
       xmlns:aop="http://www.springframework.org/schema/aop"
       xmlns:context="http://www.springframework.org/schema/context"
       xsi:schemaLocation="http://www.springframework.org/schema/beans
       http://www.springframework.org/schema/beans/spring-beans.xsd
       http://www.springframework.org/schema/aop
       http://www.springframework.org/schema/aop/spring-aop.xsd
       http://www.springframework.org/schema/context
       http://www.springframework.org/schema/context/spring-context.xsd

       ">
    <bean class="org.springframework.beans.factory.config.PropertyPlaceholderConfigurer">
        <property name="locations">
            <list>
                <value>classpath*:test-data.properties</value>
            </list>
        </property>
    </bean>

    <context:component-scan base-package="com.epam.brest.course2015.social.core"/>
    <context:component-scan base-package="com.epam.brest.course2015.social.dto"/>

    <aop:aspectj-autoproxy/>

    <bean class="com.epam.brest.course2015.social.test.SocialLogger"/>


</beans>